This file contains any messages produced by compilers while
running configure, to aid debugging if configure makes a mistake.

It was created by MuOnlineServerFiles configure 1.0, which was
generated by GNU Autoconf 2.61.  Invocation command line was

  $ ./configure 

## --------- ##
## Platform. ##
## --------- ##

hostname = server
uname -m = i686
uname -r = 2.6.18-5-686
uname -s = Linux
uname -v = #1 SMP Mon Dec 24 16:41:07 UTC 2007

/usr/bin/uname -p = unknown
/bin/uname -X     = unknown

/bin/arch              = i686
/usr/bin/arch -k       = unknown
/usr/convex/getsysinfo = unknown
/usr/bin/hostinfo      = unknown
/bin/machine           = unknown
/usr/bin/oslevel       = unknown
/bin/universe          = unknown

PATH: /usr/local/bin
PATH: /usr/bin
PATH: /bin
PATH: /usr/games
PATH: /home/mikione/scons/bin
PATH: .


## ----------- ##
## Core tests. ##
## ----------- ##

configure:1833: checking build system type
configure:1851: result: i686-pc-linux-gnu
configure:1873: checking host system type
configure:1888: result: i686-pc-linux-gnu
configure:1910: checking target system type
configure:1925: result: i686-pc-linux-gnu
configure:1968: checking for a BSD-compatible install
configure:2024: result: /usr/bin/install -c
configure:2035: checking whether build environment is sane
configure:2078: result: yes
configure:2106: checking for a thread-safe mkdir -p
configure:2145: result: /bin/mkdir -p
configure:2158: checking for gawk
configure:2188: result: no
configure:2158: checking for mawk
configure:2174: found /usr/bin/mawk
configure:2185: result: mawk
configure:2196: checking whether make sets $(MAKE)
configure:2217: result: yes
configure:2469: checking for g++
configure:2485: found /usr/bin/g++
configure:2496: result: g++
configure:2527: checking for C++ compiler version
configure:2534: g++ --version >&5
g++ (GCC) 4.1.2 20061115 (prerelease) (Debian 4.1.1-21)
Copyright (C) 2006 Free Software Foundation, Inc.
This is free software; see the source for copying conditions.  There is NO
warranty; not even for MERCHANTABILITY or FITNESS FOR A PARTICULAR PURPOSE.

configure:2537: $? = 0
configure:2544: g++ -v >&5
Using built-in specs.
Target: i486-linux-gnu
Configured with: ../src/configure -v --enable-languages=c,c++,fortran,objc,obj-c++,treelang --prefix=/usr --enable-shared --with-system-zlib --libexecdir=/usr/lib --without-included-gettext --enable-threads=posix --enable-nls --program-suffix=-4.1 --enable-__cxa_atexit --enable-clocale=gnu --enable-libstdcxx-debug --enable-mpfr --with-tune=i686 --enable-checking=release i486-linux-gnu
Thread model: posix
gcc version 4.1.2 20061115 (prerelease) (Debian 4.1.1-21)
configure:2547: $? = 0
configure:2554: g++ -V >&5
g++: '-V' option must have argument
configure:2557: $? = 1
configure:2580: checking for C++ compiler default output file name
configure:2607: g++    conftest.cpp  >&5
configure:2610: $? = 0
configure:2648: result: a.out
configure:2665: checking whether the C++ compiler works
configure:2675: ./a.out
configure:2678: $? = 0
configure:2695: result: yes
configure:2702: checking whether we are cross compiling
configure:2704: result: no
configure:2707: checking for suffix of executables
configure:2714: g++ -o conftest    conftest.cpp  >&5
configure:2717: $? = 0
configure:2741: result: 
configure:2747: checking for suffix of object files
configure:2773: g++ -c   conftest.cpp >&5
configure:2776: $? = 0
configure:2799: result: o
configure:2803: checking whether we are using the GNU C++ compiler
configure:2832: g++ -c   conftest.cpp >&5
configure:2838: $? = 0
configure:2855: result: yes
configure:2860: checking whether g++ accepts -g
configure:2890: g++ -c -g  conftest.cpp >&5
configure:2896: $? = 0
configure:2995: result: yes
configure:3029: checking for style of include used by make
configure:3057: result: GNU
configure:3082: checking dependency style of g++
configure:3173: result: gcc3
configure:3236: checking for gcc
configure:3252: found /usr/bin/gcc
configure:3263: result: gcc
configure:3501: checking for C compiler version
configure:3508: gcc --version >&5
gcc (GCC) 4.1.2 20061115 (prerelease) (Debian 4.1.1-21)
Copyright (C) 2006 Free Software Foundation, Inc.
This is free software; see the source for copying conditions.  There is NO
warranty; not even for MERCHANTABILITY or FITNESS FOR A PARTICULAR PURPOSE.

configure:3511: $? = 0
configure:3518: gcc -v >&5
Using built-in specs.
Target: i486-linux-gnu
Configured with: ../src/configure -v --enable-languages=c,c++,fortran,objc,obj-c++,treelang --prefix=/usr --enable-shared --with-system-zlib --libexecdir=/usr/lib --without-included-gettext --enable-threads=posix --enable-nls --program-suffix=-4.1 --enable-__cxa_atexit --enable-clocale=gnu --enable-libstdcxx-debug --enable-mpfr --with-tune=i686 --enable-checking=release i486-linux-gnu
Thread model: posix
gcc version 4.1.2 20061115 (prerelease) (Debian 4.1.1-21)
configure:3521: $? = 0
configure:3528: gcc -V >&5
gcc: '-V' option must have argument
configure:3531: $? = 1
configure:3534: checking whether we are using the GNU C compiler
configure:3563: gcc -c   conftest.c >&5
configure:3569: $? = 0
configure:3586: result: yes
configure:3591: checking whether gcc accepts -g
configure:3621: gcc -c -g  conftest.c >&5
configure:3627: $? = 0
configure:3726: result: yes
configure:3743: checking for gcc option to accept ISO C89
configure:3817: gcc  -c -g -O2  conftest.c >&5
configure:3823: $? = 0
configure:3846: result: none needed
configure:3866: checking dependency style of gcc
configure:3957: result: gcc3
configure:4015: checking for ranlib
configure:4031: found /usr/bin/ranlib
configure:4042: result: ranlib
configure:4074: checking how to run the C preprocessor
configure:4114: gcc -E  conftest.c
configure:4120: $? = 0
configure:4151: gcc -E  conftest.c
conftest.c:10:28: error: ac_nonexistent.h: No such file or directory
configure:4157: $? = 1
configure: failed program was:
| /* confdefs.h.  */
| #define PACKAGE_NAME "MuOnlineServerFiles"
| #define PACKAGE_TARNAME "muonlineserverfiles"
| #define PACKAGE_VERSION "1.0"
| #define PACKAGE_STRING "MuOnlineServerFiles 1.0"
| #define PACKAGE_BUGREPORT "mikiones@gmail.com"
| #define PACKAGE "muonlineserverfiles"
| #define VERSION "1.0"
| /* end confdefs.h.  */
| #include <ac_nonexistent.h>
configure:4190: result: gcc -E
configure:4219: gcc -E  conftest.c
configure:4225: $? = 0
configure:4256: gcc -E  conftest.c
conftest.c:10:28: error: ac_nonexistent.h: No such file or directory
configure:4262: $? = 1
configure: failed program was:
| /* confdefs.h.  */
| #define PACKAGE_NAME "MuOnlineServerFiles"
| #define PACKAGE_TARNAME "muonlineserverfiles"
| #define PACKAGE_VERSION "1.0"
| #define PACKAGE_STRING "MuOnlineServerFiles 1.0"
| #define PACKAGE_BUGREPORT "mikiones@gmail.com"
| #define PACKAGE "muonlineserverfiles"
| #define VERSION "1.0"
| /* end confdefs.h.  */
| #include <ac_nonexistent.h>
configure:4300: checking for grep that handles long lines and -e
configure:4374: result: /bin/grep
configure:4379: checking for egrep
configure:4457: result: /bin/grep -E
configure:4462: checking for ANSI C header files
configure:4492: gcc -c -g -O2  conftest.c >&5
configure:4498: $? = 0
configure:4597: gcc -o conftest -g -O2   conftest.c  >&5
configure:4600: $? = 0
configure:4606: ./conftest
configure:4609: $? = 0
configure:4626: result: yes
configure:4650: checking for sys/types.h
configure:4671: gcc -c -g -O2  conftest.c >&5
configure:4677: $? = 0
configure:4693: result: yes
configure:4650: checking for sys/stat.h
configure:4671: gcc -c -g -O2  conftest.c >&5
configure:4677: $? = 0
configure:4693: result: yes
configure:4650: checking for stdlib.h
configure:4671: gcc -c -g -O2  conftest.c >&5
configure:4677: $? = 0
configure:4693: result: yes
configure:4650: checking for string.h
configure:4671: gcc -c -g -O2  conftest.c >&5
configure:4677: $? = 0
configure:4693: result: yes
configure:4650: checking for memory.h
configure:4671: gcc -c -g -O2  conftest.c >&5
configure:4677: $? = 0
configure:4693: result: yes
configure:4650: checking for strings.h
configure:4671: gcc -c -g -O2  conftest.c >&5
configure:4677: $? = 0
configure:4693: result: yes
configure:4650: checking for inttypes.h
configure:4671: gcc -c -g -O2  conftest.c >&5
configure:4677: $? = 0
configure:4693: result: yes
configure:4650: checking for stdint.h
configure:4671: gcc -c -g -O2  conftest.c >&5
configure:4677: $? = 0
configure:4693: result: yes
configure:4650: checking for unistd.h
configure:4671: gcc -c -g -O2  conftest.c >&5
configure:4677: $? = 0
configure:4693: result: yes
configure:4707: checking for python build information
configure:4709: result: 
configure:4716: checking for python2.5
configure:4732: found /usr/bin/python2.5
configure:4743: result: python2.5
configure:4757: checking for main in -lpython2.5
configure:4786: gcc -o conftest -g -O2   conftest.c -lpython2.5   >&5
configure:4792: $? = 0
configure:4811: result: yes
configure:4831: checking python2.5/Python.h usability
configure:4848: gcc -c -g -O2  conftest.c >&5
configure:4854: $? = 0
configure:4868: result: yes
configure:4872: checking python2.5/Python.h presence
configure:4887: gcc -E  conftest.c
configure:4893: $? = 0
configure:4907: result: yes
configure:4940: checking for python2.5/Python.h
configure:4948: result: yes
configure:4976: result:   results of the Python check:
configure:4978: result:     Binary:      python2.5
configure:4980: result:     Library:     python2.5
configure:4982: result:     Include Dir: /usr/include/python2.5
configure:5021: checking build system type
configure:5039: result: i686-pc-linux-gnu
configure:5072: checking for boostlib >= 1.20.0
configure:5133: g++ -c -g -O2  -I/usr/include conftest.cpp >&5
configure:5139: $? = 0
configure:5145: result: yes
configure:5312: checking whether the Boost::Filesystem library is available
configure:5346: g++ -c -g -O2  -I/usr/include conftest.cpp >&5
conftest.cpp:21:37: error: boost/filesystem/path.hpp: No such file or directory
conftest.cpp: In function 'int main()':
conftest.cpp:25: error: 'boost' has not been declared
conftest.cpp:25: error: 'filesystem' is not a namespace-name
conftest.cpp:25: error: expected namespace-name before ';' token
conftest.cpp:26: error: 'path' was not declared in this scope
conftest.cpp:26: error: expected `;' before 'my_path'
configure:5352: $? = 1
configure: failed program was:
| /* confdefs.h.  */
| #define PACKAGE_NAME "MuOnlineServerFiles"
| #define PACKAGE_TARNAME "muonlineserverfiles"
| #define PACKAGE_VERSION "1.0"
| #define PACKAGE_STRING "MuOnlineServerFiles 1.0"
| #define PACKAGE_BUGREPORT "mikiones@gmail.com"
| #define PACKAGE "muonlineserverfiles"
| #define VERSION "1.0"
| #define STDC_HEADERS 1
| #define HAVE_SYS_TYPES_H 1
| #define HAVE_SYS_STAT_H 1
| #define HAVE_STDLIB_H 1
| #define HAVE_STRING_H 1
| #define HAVE_MEMORY_H 1
| #define HAVE_STRINGS_H 1
| #define HAVE_INTTYPES_H 1
| #define HAVE_STDINT_H 1
| #define HAVE_UNISTD_H 1
| #define HAVE_BOOST
| /* end confdefs.h.  */
| #include <boost/filesystem/path.hpp>
| int
| main ()
| {
| using namespace boost::filesystem;
|                                    path my_path( "foo/bar/data.txt" );
|                                    return 0;
|   ;
|   return 0;
| }
configure:5374: result: no
configure:5462: checking whether the Boost::Program_Options library is available
configure:5495: g++ -c -g -O2  -I/usr/include conftest.cpp >&5
conftest.cpp:21:37: error: boost/program_options.hpp: No such file or directory
conftest.cpp: In function 'int main()':
conftest.cpp:25: error: 'boost' has not been declared
conftest.cpp:25: error: expected `;' before 'generic'
configure:5501: $? = 1
configure: failed program was:
| /* confdefs.h.  */
| #define PACKAGE_NAME "MuOnlineServerFiles"
| #define PACKAGE_TARNAME "muonlineserverfiles"
| #define PACKAGE_VERSION "1.0"
| #define PACKAGE_STRING "MuOnlineServerFiles 1.0"
| #define PACKAGE_BUGREPORT "mikiones@gmail.com"
| #define PACKAGE "muonlineserverfiles"
| #define VERSION "1.0"
| #define STDC_HEADERS 1
| #define HAVE_SYS_TYPES_H 1
| #define HAVE_SYS_STAT_H 1
| #define HAVE_STDLIB_H 1
| #define HAVE_STRING_H 1
| #define HAVE_MEMORY_H 1
| #define HAVE_STRINGS_H 1
| #define HAVE_INTTYPES_H 1
| #define HAVE_STDINT_H 1
| #define HAVE_UNISTD_H 1
| #define HAVE_BOOST
| /* end confdefs.h.  */
| #include <boost/program_options.hpp>
| int
| main ()
| {
| boost::program_options::options_description generic("Generic options");
|                                    return 0;
|   ;
|   return 0;
| }
configure:5523: result: no
configure:5611: checking whether the Boost::Thread library is available
configure:5653: g++ -c -pthread -g -O2  -I/usr/include conftest.cpp >&5
configure:5659: $? = 0
configure:5682: result: yes
configure:5712: checking for exit in -lboost_thread
configure:5747: gcc -o conftest -g -O2  -I/usr/include  -L/usr/lib conftest.c -lboost_thread   >&5
conftest.c:29: warning: conflicting types for built-in function 'exit'
configure:5753: $? = 0
configure:5772: result: yes
configure:5794: checking whether the Boost::IOStreams library is available
configure:5832: g++ -c -g -O2  -I/usr/include conftest.cpp >&5
conftest.cpp:22:48: error: boost/iostreams/filtering_stream.hpp: No such file or directory
conftest.cpp: In function 'int main()':
conftest.cpp:29: error: expected primary-expression before 'namespace'
conftest.cpp:29: error: expected `;' before 'namespace'
conftest.cpp:30: error: 'io' has not been declared
conftest.cpp:30: error: expected `;' before 'in'
configure:5838: $? = 1
configure: failed program was:
| /* confdefs.h.  */
| #define PACKAGE_NAME "MuOnlineServerFiles"
| #define PACKAGE_TARNAME "muonlineserverfiles"
| #define PACKAGE_VERSION "1.0"
| #define PACKAGE_STRING "MuOnlineServerFiles 1.0"
| #define PACKAGE_BUGREPORT "mikiones@gmail.com"
| #define PACKAGE "muonlineserverfiles"
| #define VERSION "1.0"
| #define STDC_HEADERS 1
| #define HAVE_SYS_TYPES_H 1
| #define HAVE_SYS_STAT_H 1
| #define HAVE_STDLIB_H 1
| #define HAVE_STRING_H 1
| #define HAVE_MEMORY_H 1
| #define HAVE_STRINGS_H 1
| #define HAVE_INTTYPES_H 1
| #define HAVE_STDINT_H 1
| #define HAVE_UNISTD_H 1
| #define HAVE_BOOST
| #define HAVE_BOOST_THREAD
| /* end confdefs.h.  */
| #include <boost/iostreams/filtering_stream.hpp>
| 												 #include <boost/range/iterator_range.hpp>
| 
| int
| main ()
| {
| std::string  input = "Hello World!";
| 									 namespace io = boost::iostreams;
| 									 io::filtering_istream  in(boost::make_iterator_range(input));
| 									 return 0;
| 
|   ;
|   return 0;
| }
configure:5860: result: no
configure:5948: checking whether the Boost::Serialization library is available
configure:5986: g++ -c -g -O2  -I/usr/include conftest.cpp >&5
In file included from /usr/include/boost/archive/basic_text_oarchive.hpp:32,
                 from /usr/include/boost/archive/text_oarchive.hpp:31,
                 from conftest.cpp:23:
/usr/include/boost/archive/detail/oserializer.hpp:40:47: error: boost/serialization/is_abstract.hpp: No such file or directory
/usr/include/boost/archive/detail/oserializer.hpp:54:65: error: boost/serialization/extended_type_info_typeid.hpp: No such file or directory
In file included from /usr/include/boost/archive/detail/basic_oarchive.hpp:25,
                 from /usr/include/boost/archive/detail/oserializer.hpp:58,
                 from /usr/include/boost/archive/basic_text_oarchive.hpp:32,
                 from /usr/include/boost/archive/text_oarchive.hpp:31,
                 from conftest.cpp:23:
/usr/include/boost/archive/basic_archive.hpp:106:41: error: boost/serialization/level.hpp: No such file or directory
In file included from /usr/include/boost/archive/detail/oserializer.hpp:58,
                 from /usr/include/boost/archive/basic_text_oarchive.hpp:32,
                 from /usr/include/boost/archive/text_oarchive.hpp:31,
                 from conftest.cpp:23:
/usr/include/boost/archive/detail/basic_oarchive.hpp:26:49: error: boost/serialization/tracking_enum.hpp: No such file or directory
In file included from /usr/include/boost/archive/detail/basic_oserializer.hpp:23,
                 from /usr/include/boost/archive/detail/oserializer.hpp:59,
                 from /usr/include/boost/archive/basic_text_oarchive.hpp:32,
                 from /usr/include/boost/archive/text_oarchive.hpp:31,
                 from conftest.cpp:23:
/usr/include/boost/archive/detail/basic_serializer.hpp:23:54: error: boost/serialization/extended_type_info.hpp: No such file or directory
In file included from /usr/include/boost/archive/basic_text_oarchive.hpp:32,
                 from /usr/include/boost/archive/text_oarchive.hpp:31,
                 from conftest.cpp:23:
/usr/include/boost/archive/detail/oserializer.hpp:62:49: error: boost/serialization/force_include.hpp: No such file or directory
/usr/include/boost/archive/detail/oserializer.hpp:63:49: error: boost/serialization/serialization.hpp: No such file or directory
/usr/include/boost/archive/detail/oserializer.hpp:64:43: error: boost/serialization/version.hpp: No such file or directory
/usr/include/boost/archive/detail/oserializer.hpp:66:44: error: boost/serialization/tracking.hpp: No such file or directory
/usr/include/boost/archive/detail/oserializer.hpp:67:60: error: boost/serialization/type_info_implementation.hpp: No such file or directory
/usr/include/boost/archive/detail/oserializer.hpp:68:39: error: boost/serialization/nvp.hpp: No such file or directory
/usr/include/boost/archive/detail/oserializer.hpp:69:45: error: boost/serialization/void_cast.hpp: No such file or directory
In file included from /usr/include/boost/archive/text_oarchive.hpp:31,
                 from conftest.cpp:23:
/usr/include/boost/archive/basic_text_oarchive.hpp:36:42: error: boost/serialization/string.hpp: No such file or directory
In file included from /usr/include/boost/archive/basic_text_iarchive.hpp:31,
                 from /usr/include/boost/archive/text_iarchive.hpp:23,
                 from conftest.cpp:24:
/usr/include/boost/archive/detail/iserializer.hpp:79:49: error: boost/serialization/binary_object.hpp: No such file or directory
/usr/include/boost/archive/basic_archive.hpp:111: error: 'primitive_type' has not been declared
/usr/include/boost/archive/basic_archive.hpp:112: error: expected constructor, destructor, or type conversion before 'BOOST_CLASS_IMPLEMENTATION'
/usr/include/boost/archive/detail/basic_serializer.hpp:31: error: 'boost::serialization' has not been declared
/usr/include/boost/archive/detail/basic_serializer.hpp:31: error: expected ';' before '&' token
/usr/include/boost/archive/detail/basic_serializer.hpp:34: error: expected unqualified-id before '::' token
/usr/include/boost/archive/detail/basic_serializer.hpp:34: error: expected ',' or '...' before '::' token
/usr/include/boost/archive/detail/basic_serializer.hpp:39: error: 'boost::serialization' has not been declared
/usr/include/boost/archive/detail/basic_serializer.hpp:39: error: expected ';' before '&' token
/usr/include/boost/archive/detail/basic_serializer.hpp:42: error: expected `;' before 'bool'
/usr/include/boost/archive/detail/basic_serializer.hpp: In constructor 'boost::archive::detail::basic_serializer::basic_serializer(int)':
/usr/include/boost/archive/detail/basic_serializer.hpp:36: error: class 'boost::archive::detail::basic_serializer' does not have any field named 'm_eti'
/usr/include/boost/archive/detail/basic_serializer.hpp:36: error: 'eti' was not declared in this scope
/usr/include/boost/archive/detail/basic_serializer.hpp: In member function 'bool boost::archive::detail::basic_serializer::operator<(const boost::archive::detail::basic_serializer&) const':
/usr/include/boost/archive/detail/basic_serializer.hpp:43: error: 'm_eti' was not declared in this scope
/usr/include/boost/archive/detail/basic_serializer.hpp:43: error: 'const class boost::archive::detail::basic_serializer' has no member named 'get_eti'
/usr/include/boost/archive/detail/oserializer.hpp: At global scope:
/usr/include/boost/archive/detail/oserializer.hpp:110: error: 'BOOST_DLLEXPORT' declared as a 'virtual' field
/usr/include/boost/archive/detail/oserializer.hpp:110: error: expected ';' before 'void'
/usr/include/boost/archive/detail/oserializer.hpp: In constructor 'boost::archive::detail::oserializer<Archive, T>::oserializer()':
/usr/include/boost/archive/detail/oserializer.hpp:106: error: 'type_info_implementation' is not a member of 'boost::serialization'
/usr/include/boost/archive/detail/oserializer.hpp:106: error: expected primary-expression before '>' token
/usr/include/boost/archive/detail/oserializer.hpp:106: error: '::type' has not been declared
/usr/include/boost/archive/detail/oserializer.hpp: In member function 'virtual bool boost::archive::detail::oserializer<Archive, T>::class_info() const':
/usr/include/boost/archive/detail/oserializer.hpp:115: error: 'implementation_level' is not a member of 'boost::serialization'
/usr/include/boost/archive/detail/oserializer.hpp:115: error: expected primary-expression before '>' token
/usr/include/boost/archive/detail/oserializer.hpp:115: error: '::value' has not been declared
/usr/include/boost/archive/detail/oserializer.hpp:116: error: 'object_class_info' is not a member of 'boost::serialization'
/usr/include/boost/archive/detail/oserializer.hpp: In member function 'virtual bool boost::archive::detail::oserializer<Archive, T>::tracking(unsigned int) const':
/usr/include/boost/archive/detail/oserializer.hpp:121: error: 'tracking_level' is not a member of 'boost::serialization'
/usr/include/boost/archive/detail/oserializer.hpp:121: error: expected primary-expression before '>' token
/usr/include/boost/archive/detail/oserializer.hpp:121: error: '::value' has not been declared
/usr/include/boost/archive/detail/oserializer.hpp:121: error: 'track_always' is not a member of 'boost::serialization'
/usr/include/boost/archive/detail/oserializer.hpp:122: error: 'tracking_level' is not a member of 'boost::serialization'
/usr/include/boost/archive/detail/oserializer.hpp:122: error: expected primary-expression before '>' token
/usr/include/boost/archive/detail/oserializer.hpp:122: error: '::value' has not been declared
/usr/include/boost/archive/detail/oserializer.hpp:122: error: 'track_selectivly' is not a member of 'boost::serialization'
/usr/include/boost/archive/detail/oserializer.hpp: In member function 'virtual unsigned int boost::archive::detail::oserializer<Archive, T>::version() const':
/usr/include/boost/archive/detail/oserializer.hpp:126: error: 'version' is not a member of 'boost::serialization'
/usr/include/boost/archive/detail/oserializer.hpp:126: error: expected primary-expression before '>' token
/usr/include/boost/archive/detail/oserializer.hpp:126: error: '::value' has not been declared
/usr/include/boost/archive/detail/oserializer.hpp: In member function 'virtual bool boost::archive::detail::oserializer<Archive, T>::is_polymorphic() const':
/usr/include/boost/archive/detail/oserializer.hpp:129: error: 'type_info_implementation' in namespace 'boost::serialization' does not name a type
/usr/include/boost/archive/detail/oserializer.hpp:129: error: expected unqualified-id before '<' token
/usr/include/boost/archive/detail/oserializer.hpp:132: error: 'typex' has not been declared
/usr/include/boost/archive/detail/oserializer.hpp: At global scope:
/usr/include/boost/archive/detail/oserializer.hpp:142: error: expected constructor, destructor, or type conversion before 'void'
/usr/include/boost/archive/detail/oserializer.hpp:165: error: 'BOOST_DLLEXPORT' declared as a 'virtual' field
/usr/include/boost/archive/detail/oserializer.hpp:165: error: expected ';' before 'void'
/usr/include/boost/archive/detail/oserializer.hpp:174: error: 'BOOST_DLLEXPORT' does not name a type
/usr/include/boost/archive/detail/oserializer.hpp:183: error: expected ';' before 'const'
/usr/include/boost/archive/detail/oserializer.hpp:188: error: expected constructor, destructor, or type conversion before 'const'
/usr/include/boost/archive/detail/oserializer.hpp:201: error: expected constructor, destructor, or type conversion before 'void'
/usr/include/boost/archive/detail/oserializer.hpp:221: error: expected constructor, destructor, or type conversion before 'pointer_oserializer'
/usr/include/boost/archive/detail/oserializer.hpp:283: error: 'implementation_level' is not a member of 'boost::serialization'
/usr/include/boost/archive/detail/oserializer.hpp:283: error: 'implementation_level' is not a member of 'boost::serialization'
/usr/include/boost/archive/detail/oserializer.hpp:283: error: template argument 1 is invalid
/usr/include/boost/archive/detail/oserializer.hpp:284: error: 'primitive_type' is not a member of 'boost::serialization'
/usr/include/boost/archive/detail/oserializer.hpp:284: error: 'primitive_type' is not a member of 'boost::serialization'
/usr/include/boost/archive/detail/oserializer.hpp:284: error: template argument 1 is invalid
/usr/include/boost/archive/detail/oserializer.hpp:285: error: template argument 1 is invalid
/usr/include/boost/archive/detail/oserializer.hpp:285: error: template argument 2 is invalid
/usr/include/boost/archive/detail/oserializer.hpp:285: error: expected unqualified-id before ',' token
/usr/include/boost/archive/detail/oserializer.hpp: In static member function 'static void boost::archive::detail::save_non_pointer_type<Archive, T>::save_only::invoke(Archive&, const T&)':
/usr/include/boost/archive/detail/oserializer.hpp:253: error: 'serialize_adl' is not a member of 'boost::serialization'
/usr/include/boost/archive/detail/oserializer.hpp:256: error: 'version' is not a member of 'boost::serialization'
/usr/include/boost/archive/detail/oserializer.hpp:256: error: expected primary-expression before '>' token
/usr/include/boost/archive/detail/oserializer.hpp:256: error: '::value' has not been declared
/usr/include/boost/archive/detail/oserializer.hpp: In static member function 'static void boost::archive::detail::save_non_pointer_type<Archive, T>::invoke(Archive&, const T&)':
/usr/include/boost/archive/detail/oserializer.hpp:316: error: 'implementation_level' is not a member of 'boost::serialization'
/usr/include/boost/archive/detail/oserializer.hpp:316: error: 'implementation_level' is not a member of 'boost::serialization'
/usr/include/boost/archive/detail/oserializer.hpp:316: error: template argument 1 is invalid
/usr/include/boost/archive/detail/oserializer.hpp:316: error: a comma operator cannot appear in a constant-expression
/usr/include/boost/archive/detail/oserializer.hpp:316: error: 'primitive_type' is not a member of 'boost::serialization'
/usr/include/boost/archive/detail/oserializer.hpp:316: error: 'primitive_type' is not a member of 'boost::serialization'
/usr/include/boost/archive/detail/oserializer.hpp:316: error: template argument 1 is invalid
/usr/include/boost/archive/detail/oserializer.hpp:316: error: '::value' has not been declared
/usr/include/boost/archive/detail/oserializer.hpp:316: error: template argument 1 is invalid
/usr/include/boost/archive/detail/oserializer.hpp:322: error: 'typex' has not been declared
/usr/include/boost/archive/detail/oserializer.hpp: In static member function 'static const boost::archive::detail::basic_pointer_oserializer* boost::archive::detail::save_pointer_type<Archive, TPtr>::abstract<T>::register_type(Archive&)':
/usr/include/boost/archive/detail/oserializer.hpp:333: error: 'type_info_implementation' is not a member of 'boost::serialization'
/usr/include/boost/archive/detail/oserializer.hpp:333: error: '::type' has not been declared
/usr/include/boost/archive/detail/oserializer.hpp:336: error: template argument 1 is invalid
/usr/include/boost/archive/detail/oserializer.hpp:336: error: template argument 1 is invalid
/usr/include/boost/archive/detail/oserializer.hpp:337: error: expected unqualified-id before '}' token
/usr/include/boost/archive/detail/oserializer.hpp: In static member function 'static const boost::archive::detail::basic_pointer_oserializer* boost::archive::detail::save_pointer_type<Archive, TPtr>::register_type(Archive&, T&)':
/usr/include/boost/archive/detail/oserializer.hpp:356: error: 'is_abstract' is not a member of 'boost::serialization'
/usr/include/boost/archive/detail/oserializer.hpp:356: error: 'is_abstract' is not a member of 'boost::serialization'
/usr/include/boost/archive/detail/oserializer.hpp:356: error: template argument 1 is invalid
/usr/include/boost/archive/detail/oserializer.hpp:356: error: expected unqualified-id before ',' token
/usr/include/boost/archive/detail/oserializer.hpp:357: error: invalid declarator before ',' token
/usr/include/boost/archive/detail/oserializer.hpp:359: error: invalid declarator before '>' token
/usr/include/boost/archive/detail/oserializer.hpp:360: error: 'typex' has not been declared
/usr/include/boost/archive/detail/oserializer.hpp: In static member function 'static void boost::archive::detail::save_pointer_type<Archive, TPtr>::polymorphic<T>::save(Archive&, const T&, const boost::archive::detail::basic_pointer_oserializer*)':
/usr/include/boost/archive/detail/oserializer.hpp:385: error: 'type_info_implementation' is not a member of 'boost::serialization'
/usr/include/boost/archive/detail/oserializer.hpp:385: error: expected primary-expression before '>' token
/usr/include/boost/archive/detail/oserializer.hpp:385: error: '::type' has not been declared
/usr/include/boost/archive/detail/oserializer.hpp:390: error: 'type_info_implementation' is not a member of 'boost::serialization'
/usr/include/boost/archive/detail/oserializer.hpp:390: error: expected primary-expression before '>' token
/usr/include/boost/archive/detail/oserializer.hpp:390: error: '::type' has not been declared
/usr/include/boost/archive/detail/oserializer.hpp:401: error: no match for 'operator==' in '* this_type == * true_type'
/usr/include/boost/archive/detail/oserializer.hpp:407: error: 'void_downcast' is not a member of 'boost::serialization'
/usr/include/boost/archive/detail/oserializer.hpp: In static member function 'static void boost::archive::detail::save_pointer_type<Archive, TPtr>::save(Archive&, const T&, const boost::archive::detail::basic_pointer_oserializer*)':
/usr/include/boost/archive/detail/oserializer.hpp:435: error: 'type_info_implementation' in namespace 'boost::serialization' does not name a type
/usr/include/boost/archive/detail/oserializer.hpp:435: error: expected template-argument before '<' token
/usr/include/boost/archive/detail/oserializer.hpp:435: error: expected `>' before '<' token
/usr/include/boost/archive/detail/oserializer.hpp:435: error: template argument 1 is invalid
/usr/include/boost/archive/detail/oserializer.hpp:435: error: '<declaration error>::type' has not been declared
/usr/include/boost/archive/detail/oserializer.hpp:435: error: expected unqualified-id before ',' token
/usr/include/boost/archive/detail/oserializer.hpp:436: error: invalid declarator before ',' token
/usr/include/boost/archive/detail/oserializer.hpp:438: error: invalid declarator before '>' token
/usr/include/boost/archive/detail/oserializer.hpp:439: error: 'typey' has not been declared
/usr/include/boost/archive/detail/oserializer.hpp: In static member function 'static void boost::archive::detail::save_pointer_type<Archive, TPtr>::invoke(Archive&, TPtr)':
/usr/include/boost/archive/detail/oserializer.hpp:463: error: invalid use of undefined type 'struct boost::archive::detail::basic_oarchive'
/usr/include/boost/archive/detail/basic_oserializer.hpp:37: error: forward declaration of 'struct boost::archive::detail::basic_oarchive'
/usr/include/boost/archive/detail/oserializer.hpp: In static member function 'static void boost::archive::detail::save_enum_type<Archive, T>::invoke(Archive&, const T&)':
/usr/include/boost/archive/detail/oserializer.hpp:477: error: 'make_nvp' is not a member of 'boost::serialization'
/usr/include/boost/archive/detail/oserializer.hpp: In static member function 'static void boost::archive::detail::save_array_type<Archive, T>::invoke(Archive&, const T&)':
/usr/include/boost/archive/detail/oserializer.hpp:491: error: there are no arguments to 'BOOST_SERIALIZATION_NVP' that depend on a template parameter, so a declaration of 'BOOST_SERIALIZATION_NVP' must be available
/usr/include/boost/archive/detail/oserializer.hpp:491: error: (if you use '-fpermissive', G++ will accept your code, but allowing the use of an undeclared name is deprecated)
/usr/include/boost/archive/detail/oserializer.hpp:494: error: 'make_nvp' is not a member of 'boost::serialization'
/usr/include/boost/archive/detail/oserializer.hpp: At global scope:
/usr/include/boost/archive/detail/oserializer.hpp:501: error: expected constructor, destructor, or type conversion before 'const'
/usr/include/boost/archive/detail/oserializer.hpp:508: error: expected constructor, destructor, or type conversion before 'const'
/usr/include/boost/archive/detail/oserializer.hpp:546: error: 'tracking_level' is not a member of 'boost::serialization'
/usr/include/boost/archive/detail/oserializer.hpp:546: error: 'tracking_level' is not a member of 'boost::serialization'
/usr/include/boost/archive/detail/oserializer.hpp:546: error: template argument 1 is invalid
/usr/include/boost/archive/detail/oserializer.hpp:547: error: 'track_never' is not a member of 'boost::serialization'
/usr/include/boost/archive/detail/oserializer.hpp:547: error: 'track_never' is not a member of 'boost::serialization'
/usr/include/boost/archive/detail/oserializer.hpp:547: error: template argument 1 is invalid
/usr/include/boost/archive/detail/oserializer.hpp:548: error: template argument 1 is invalid
/usr/include/boost/archive/detail/oserializer.hpp:548: error: template argument 2 is invalid
/usr/include/boost/archive/detail/oserializer.hpp:548: error: expected unqualified-id before ',' token
/usr/include/boost/archive/detail/oserializer.hpp:556: error: 'typex' has not been declared
/usr/include/boost/archive/detail/common_oarchive.hpp:30: error: invalid use of undefined type 'struct boost::archive::detail::basic_oarchive'
/usr/include/boost/archive/detail/basic_oserializer.hpp:37: error: forward declaration of 'struct boost::archive::detail::basic_oarchive'
/usr/include/boost/archive/detail/iserializer.hpp:117: error: 'BOOST_DLLEXPORT' declared as a 'virtual' field
/usr/include/boost/archive/detail/iserializer.hpp:117: error: expected ';' before 'void'
/usr/include/boost/archive/detail/iserializer.hpp: In member function 'virtual void boost::archive::detail::iserializer<Archive, T>::destroy(void*) const':
/usr/include/boost/archive/detail/iserializer.hpp:107: error: 'boost::serialization::access' has not been declared
/usr/include/boost/archive/detail/iserializer.hpp: In constructor 'boost::archive::detail::iserializer<Archive, T>::iserializer()':
/usr/include/boost/archive/detail/iserializer.hpp:113: error: 'type_info_implementation' is not a member of 'boost::serialization'
/usr/include/boost/archive/detail/iserializer.hpp:113: error: expected primary-expression before '>' token
/usr/include/boost/archive/detail/iserializer.hpp:113: error: '::type' has not been declared
/usr/include/boost/archive/detail/iserializer.hpp: In member function 'virtual bool boost::archive::detail::iserializer<Archive, T>::class_info() const':
/usr/include/boost/archive/detail/iserializer.hpp:123: error: 'implementation_level' is not a member of 'boost::serialization'
/usr/include/boost/archive/detail/iserializer.hpp:123: error: expected primary-expression before '>' token
/usr/include/boost/archive/detail/iserializer.hpp:123: error: '::value' has not been declared
/usr/include/boost/archive/detail/iserializer.hpp:124: error: 'object_class_info' is not a member of 'boost::serialization'
/usr/include/boost/archive/detail/iserializer.hpp: In member function 'virtual bool boost::archive::detail::iserializer<Archive, T>::tracking(unsigned int) const':
/usr/include/boost/archive/detail/iserializer.hpp:129: error: 'tracking_level' is not a member of 'boost::serialization'
/usr/include/boost/archive/detail/iserializer.hpp:129: error: expected primary-expression before '>' token
/usr/include/boost/archive/detail/iserializer.hpp:129: error: '::value' has not been declared
/usr/include/boost/archive/detail/iserializer.hpp:130: error: 'track_always' is not a member of 'boost::serialization'
/usr/include/boost/archive/detail/iserializer.hpp:131: error: 'tracking_level' is not a member of 'boost::serialization'
/usr/include/boost/archive/detail/iserializer.hpp:131: error: expected primary-expression before '>' token
/usr/include/boost/archive/detail/iserializer.hpp:131: error: '::value' has not been declared
/usr/include/boost/archive/detail/iserializer.hpp:132: error: 'track_selectivly' is not a member of 'boost::serialization'
/usr/include/boost/archive/detail/iserializer.hpp: In member function 'virtual unsigned int boost::archive::detail::iserializer<Archive, T>::version() const':
/usr/include/boost/archive/detail/iserializer.hpp:136: error: 'version' is not a member of 'boost::serialization'
/usr/include/boost/archive/detail/iserializer.hpp:136: error: expected primary-expression before '>' token
/usr/include/boost/archive/detail/iserializer.hpp:136: error: '::value' has not been declared
/usr/include/boost/archive/detail/iserializer.hpp: In member function 'virtual bool boost::archive::detail::iserializer<Archive, T>::is_polymorphic() const':
/usr/include/boost/archive/detail/iserializer.hpp:140: error: 'type_info_implementation' in namespace 'boost::serialization' does not name a type
/usr/include/boost/archive/detail/iserializer.hpp:140: error: expected unqualified-id before '<' token
/usr/include/boost/archive/detail/iserializer.hpp:143: error: 'typex' has not been declared
/usr/include/boost/archive/detail/iserializer.hpp: At global scope:
/usr/include/boost/archive/detail/iserializer.hpp:153: error: expected constructor, destructor, or type conversion before 'void'
/usr/include/boost/archive/detail/iserializer.hpp:177: error: 'BOOST_DLLEXPORT' declared as a 'virtual' field
/usr/include/boost/archive/detail/iserializer.hpp:177: error: expected ';' before 'void'
/usr/include/boost/archive/detail/iserializer.hpp:187: error: 'BOOST_DLLEXPORT' does not name a type
/usr/include/boost/archive/detail/iserializer.hpp:196: error: expected ';' before 'const'
/usr/include/boost/archive/detail/iserializer.hpp:201: error: expected constructor, destructor, or type conversion before 'const'
/usr/include/boost/archive/detail/iserializer.hpp: In destructor 'boost::archive::detail::auto_ptr_with_deleter<T>::~auto_ptr_with_deleter()':
/usr/include/boost/archive/detail/iserializer.hpp:268: error: 'boost::serialization::access' has not been declared
/usr/include/boost/archive/detail/iserializer.hpp: At global scope:
/usr/include/boost/archive/detail/iserializer.hpp:284: error: expected constructor, destructor, or type conversion before 'void'
/usr/include/boost/archive/detail/iserializer.hpp:327: error: expected constructor, destructor, or type conversion before 'pointer_iserializer'
/usr/include/boost/archive/detail/iserializer.hpp:391: error: 'implementation_level' is not a member of 'boost::serialization'
/usr/include/boost/archive/detail/iserializer.hpp:391: error: 'implementation_level' is not a member of 'boost::serialization'
/usr/include/boost/archive/detail/iserializer.hpp:391: error: template argument 1 is invalid
/usr/include/boost/archive/detail/iserializer.hpp:392: error: 'primitive_type' is not a member of 'boost::serialization'
/usr/include/boost/archive/detail/iserializer.hpp:392: error: 'primitive_type' is not a member of 'boost::serialization'
/usr/include/boost/archive/detail/iserializer.hpp:392: error: template argument 1 is invalid
/usr/include/boost/archive/detail/iserializer.hpp:393: error: template argument 1 is invalid
/usr/include/boost/archive/detail/iserializer.hpp:393: error: template argument 2 is invalid
/usr/include/boost/archive/detail/iserializer.hpp:393: error: expected unqualified-id before ',' token
/usr/include/boost/archive/detail/iserializer.hpp: In static member function 'static void boost::archive::detail::load_non_pointer_type<Archive, T>::load_only::invoke(Archive&, T&)':
/usr/include/boost/archive/detail/iserializer.hpp:360: error: 'serialize_adl' is not a member of 'boost::serialization'
/usr/include/boost/archive/detail/iserializer.hpp:361: error: 'version' is not a member of 'boost::serialization'
/usr/include/boost/archive/detail/iserializer.hpp:361: error: expected primary-expression before '>' token
/usr/include/boost/archive/detail/iserializer.hpp:361: error: '::value' has not been declared
/usr/include/boost/archive/detail/iserializer.hpp: In static member function 'static void boost::archive::detail::load_non_pointer_type<Archive, T>::invoke(Archive&, T&)':
/usr/include/boost/archive/detail/iserializer.hpp:419: error: 'implementation_level' is not a member of 'boost::serialization'
/usr/include/boost/archive/detail/iserializer.hpp:419: error: 'implementation_level' is not a member of 'boost::serialization'
/usr/include/boost/archive/detail/iserializer.hpp:419: error: template argument 1 is invalid
/usr/include/boost/archive/detail/iserializer.hpp:419: error: a comma operator cannot appear in a constant-expression
/usr/include/boost/archive/detail/iserializer.hpp:419: error: 'primitive_type' is not a member of 'boost::serialization'
/usr/include/boost/archive/detail/iserializer.hpp:419: error: 'primitive_type' is not a member of 'boost::serialization'
/usr/include/boost/archive/detail/iserializer.hpp:419: error: template argument 1 is invalid
/usr/include/boost/archive/detail/iserializer.hpp:419: error: '::value' has not been declared
/usr/include/boost/archive/detail/iserializer.hpp:419: error: template argument 1 is invalid
/usr/include/boost/archive/detail/iserializer.hpp:425: error: 'typex' has not been declared
/usr/include/boost/archive/detail/iserializer.hpp: In static member function 'static const boost::archive::detail::basic_pointer_iserializer* boost::archive::detail::load_pointer_type<Archive, Tptr>::abstract<T>::register_type(Archive&)':
/usr/include/boost/archive/detail/iserializer.hpp:437: error: 'type_info_implementation' in namespace 'boost::serialization' does not name a type
/usr/include/boost/archive/detail/iserializer.hpp:437: error: expected unqualified-id before '<' token
/usr/include/boost/archive/detail/iserializer.hpp:439: error: 'typex' was not declared in this scope
/usr/include/boost/archive/detail/iserializer.hpp:441: error: template argument 1 is invalid
/usr/include/boost/archive/detail/iserializer.hpp:441: error: template argument 1 is invalid
/usr/include/boost/archive/detail/iserializer.hpp:442: error: expected unqualified-id before '}' token
/usr/include/boost/archive/detail/iserializer.hpp: In static member function 'static const boost::archive::detail::basic_pointer_iserializer* boost::archive::detail::load_pointer_type<Archive, Tptr>::register_type(Archive&, T&)':
/usr/include/boost/archive/detail/iserializer.hpp:461: error: 'is_abstract' is not a member of 'boost::serialization'
/usr/include/boost/archive/detail/iserializer.hpp:461: error: 'is_abstract' is not a member of 'boost::serialization'
/usr/include/boost/archive/detail/iserializer.hpp:461: error: template argument 1 is invalid
/usr/include/boost/archive/detail/iserializer.hpp:461: error: expected unqualified-id before ',' token
/usr/include/boost/archive/detail/iserializer.hpp:462: error: invalid declarator before ',' token
/usr/include/boost/archive/detail/iserializer.hpp:464: error: invalid declarator before '>' token
/usr/include/boost/archive/detail/iserializer.hpp:465: error: 'typex' has not been declared
/usr/include/boost/archive/detail/iserializer.hpp: In static member function 'static T* boost::archive::detail::load_pointer_type<Archive, Tptr>::pointer_tweak(const boost::serialization::extended_type_info&, void*, T&)':
/usr/include/boost/archive/detail/iserializer.hpp:476: error: 'void_upcast' is not a member of 'boost::serialization'
/usr/include/boost/archive/detail/iserializer.hpp:478: error: 'type_info_implementation' is not a member of 'boost::serialization'
/usr/include/boost/archive/detail/iserializer.hpp:478: error: expected primary-expression before '>' token
/usr/include/boost/archive/detail/iserializer.hpp:478: error: '::type' has not been declared
/usr/include/boost/archive/detail/iserializer.hpp: In static member function 'static void boost::archive::detail::load_pointer_type<Archive, Tptr>::invoke(Archive&, Tptr&)':
/usr/include/boost/archive/detail/iserializer.hpp:493: error: 'const class boost::archive::detail::basic_pointer_iserializer' has no member named 'get_eti'
/usr/include/boost/archive/detail/iserializer.hpp: In static member function 'static void boost::archive::detail::load_enum_type<Archive, T>::invoke(Archive&, T&)':
/usr/include/boost/archive/detail/iserializer.hpp:503: error: 'make_nvp' is not a member of 'boost::serialization'
/usr/include/boost/archive/detail/iserializer.hpp: In static member function 'static void boost::archive::detail::load_array_type<Archive, T>::invoke(Archive&, T&)':
/usr/include/boost/archive/detail/iserializer.hpp:517: error: there are no arguments to 'BOOST_SERIALIZATION_NVP' that depend on a template parameter, so a declaration of 'BOOST_SERIALIZATION_NVP' must be available
/usr/include/boost/archive/detail/iserializer.hpp:524: error: 'make_nvp' is not a member of 'boost::serialization'
/usr/include/boost/archive/detail/iserializer.hpp: At global scope:
/usr/include/boost/archive/detail/iserializer.hpp:531: error: expected constructor, destructor, or type conversion before 'inline'
/usr/include/boost/archive/detail/iserializer.hpp:539: error: expected constructor, destructor, or type conversion before 'inline'
/usr/include/boost/archive/detail/iserializer.hpp:593: error: expected unqualified-id before '<' token
/usr/include/boost/archive/detail/iserializer.hpp:593: error: expected ',' or '...' before '<' token
/usr/include/boost/archive/detail/iserializer.hpp: In function 'void boost::archive::load(Archive&, int)':
/usr/include/boost/archive/detail/iserializer.hpp:594: error: expected type-specifier
/usr/include/boost/archive/detail/iserializer.hpp:594: error: expected `>'
/usr/include/boost/archive/detail/iserializer.hpp:594: error: expected `('
/usr/include/boost/archive/detail/iserializer.hpp:594: error: 'nvp' is not a member of 'boost::serialization'
/usr/include/boost/archive/detail/iserializer.hpp:594: error: expected primary-expression before '>' token
/usr/include/boost/archive/detail/iserializer.hpp:594: error: expected primary-expression before '>' token
/usr/include/boost/archive/detail/iserializer.hpp:594: error: 't' was not declared in this scope
/usr/include/boost/archive/detail/iserializer.hpp: At global scope:
/usr/include/boost/archive/detail/iserializer.hpp:597: error: expected unqualified-id before '&' token
/usr/include/boost/archive/detail/iserializer.hpp:597: error: expected ',' or '...' before '&' token
/usr/include/boost/archive/detail/iserializer.hpp: In function 'void boost::archive::load(Archive&, int)':
/usr/include/boost/archive/detail/iserializer.hpp:598: error: expected type-specifier
/usr/include/boost/archive/detail/iserializer.hpp:598: error: expected `>'
/usr/include/boost/archive/detail/iserializer.hpp:598: error: expected `('
/usr/include/boost/archive/detail/iserializer.hpp:598: error: 'binary_object' is not a member of 'boost::serialization'
/usr/include/boost/archive/detail/iserializer.hpp:598: error: expected primary-expression before '>' token
/usr/include/boost/archive/detail/iserializer.hpp:598: error: 't' was not declared in this scope
/usr/include/boost/archive/detail/interface_iarchive.hpp: In member function 'const boost::archive::detail::basic_pointer_iserializer* boost::archive::detail::interface_iarchive<Archive>::register_type(T*)':
/usr/include/boost/archive/detail/interface_iarchive.hpp:54: error: 'instantiate_pointer_iserializer' is not a member of 'boost::archive::detail'
configure:5992: $? = 1
configure: failed program was:
| /* confdefs.h.  */
| #define PACKAGE_NAME "MuOnlineServerFiles"
| #define PACKAGE_TARNAME "muonlineserverfiles"
| #define PACKAGE_VERSION "1.0"
| #define PACKAGE_STRING "MuOnlineServerFiles 1.0"
| #define PACKAGE_BUGREPORT "mikiones@gmail.com"
| #define PACKAGE "muonlineserverfiles"
| #define VERSION "1.0"
| #define STDC_HEADERS 1
| #define HAVE_SYS_TYPES_H 1
| #define HAVE_SYS_STAT_H 1
| #define HAVE_STDLIB_H 1
| #define HAVE_STRING_H 1
| #define HAVE_MEMORY_H 1
| #define HAVE_STRINGS_H 1
| #define HAVE_INTTYPES_H 1
| #define HAVE_STDINT_H 1
| #define HAVE_UNISTD_H 1
| #define HAVE_BOOST
| #define HAVE_BOOST_THREAD
| /* end confdefs.h.  */
| #include <fstream>
| 												 #include <boost/archive/text_oarchive.hpp>
|                                                  #include <boost/archive/text_iarchive.hpp>
| 
| int
| main ()
| {
| std::ofstream ofs("filename");
| 									boost::archive::text_oarchive oa(ofs);
| 									 return 0;
| 
|   ;
|   return 0;
| }
configure:6014: result: no
configure:6181: checking whether the Boost::Signals library is available
configure:6216: g++ -c -g -O2  -I/usr/include conftest.cpp >&5
configure:6222: $? = 0
configure:6244: result: yes
configure:6257: checking for exit in -lboost_signals
configure:6292: gcc -o conftest -g -O2  -I/usr/include  -L/usr/lib conftest.c -lboost_signals   >&5
conftest.c:30: warning: conflicting types for built-in function 'exit'
configure:6298: $? = 0
configure:6317: result: yes
configure:6332: checking whether the Boost::Date_Time library is available
configure:6367: g++ -c -g -O2  -I/usr/include conftest.cpp >&5
configure:6373: $? = 0
configure:6395: result: yes
configure:6408: checking for exit in -lboost_date_time
configure:6443: gcc -o conftest -g -O2  -I/usr/include  -L/usr/lib conftest.c -lboost_date_time   >&5
conftest.c:31: warning: conflicting types for built-in function 'exit'
configure:6449: $? = 0
configure:6468: result: yes
configure:6483: checking whether the Boost::Regex library is available
configure:6516: g++ -c -g -O2  -I/usr/include conftest.cpp >&5
configure:6522: $? = 0
configure:6544: result: yes
configure:6557: checking for exit in -lboost_regex
configure:6592: gcc -o conftest -g -O2  -I/usr/include  -L/usr/lib conftest.c -lboost_regex   >&5
conftest.c:32: warning: conflicting types for built-in function 'exit'
configure:6598: $? = 0
configure:6617: result: yes
configure:6632: checking whether the Boost::UnitTestFramework library is available
configure:6665: g++ -c -g -O2  -I/usr/include conftest.cpp >&5
conftest.cpp:25:36: error: boost/test/unit_test.hpp: No such file or directory
conftest.cpp: In function 'int main()':
conftest.cpp:29: error: 'boost' has not been declared
conftest.cpp:30: error: 'test_suite' was not declared in this scope
conftest.cpp:30: error: 'test' was not declared in this scope
conftest.cpp:30: error: 'BOOST_TEST_SUITE' was not declared in this scope
configure:6671: $? = 1
configure: failed program was:
| /* confdefs.h.  */
| #define PACKAGE_NAME "MuOnlineServerFiles"
| #define PACKAGE_TARNAME "muonlineserverfiles"
| #define PACKAGE_VERSION "1.0"
| #define PACKAGE_STRING "MuOnlineServerFiles 1.0"
| #define PACKAGE_BUGREPORT "mikiones@gmail.com"
| #define PACKAGE "muonlineserverfiles"
| #define VERSION "1.0"
| #define STDC_HEADERS 1
| #define HAVE_SYS_TYPES_H 1
| #define HAVE_SYS_STAT_H 1
| #define HAVE_STDLIB_H 1
| #define HAVE_STRING_H 1
| #define HAVE_MEMORY_H 1
| #define HAVE_STRINGS_H 1
| #define HAVE_INTTYPES_H 1
| #define HAVE_STDINT_H 1
| #define HAVE_UNISTD_H 1
| #define HAVE_BOOST
| #define HAVE_BOOST_THREAD
| #define HAVE_BOOST_SIGNALS
| #define HAVE_BOOST_DATE_TIME
| #define HAVE_BOOST_REGEX
| /* end confdefs.h.  */
| #include <boost/test/unit_test.hpp>
| int
| main ()
| {
| using boost::unit_test::test_suite;
| 					                 test_suite* test= BOOST_TEST_SUITE( "Unit test example 1" ); return 0;
|   ;
|   return 0;
| }
configure:6693: result: no
configure:6826: checking whether the Boost::System library is available
configure:6860: g++ -c -g -O2  -pthread -I/usr/include conftest.cpp >&5
configure:6866: $? = 0
configure:6889: result: yes
configure:6906: checking for exit in -lboost_system
configure:6941: gcc -o conftest -g -O2  -pthread -I/usr/include  -L/usr/lib conftest.c -lboost_system   >&5
conftest.c:33: warning: conflicting types for built-in function 'exit'
configure:6947: $? = 0
configure:6966: result: yes
configure:7166: checking whether the Boost::ASIO library is available
configure:7207: g++ -c -g -O2  -pthread -I/usr/include conftest.cpp >&5
configure:7213: $? = 0
configure:7235: result: yes
configure:7249: checking for main in -lboost_system
configure:7278: gcc -o conftest -g -O2  -pthread -I/usr/include  -L/usr/lib conftest.c -lboost_system   >&5
configure:7284: $? = 0
configure:7303: result: yes
configure:7391: checking whether the Boost::Python library is available
configure:7431: g++ -c -g -O2 -I/usr/include/python2.5 conftest.cpp >&5
conftest.cpp:28:36: error: boost/python/module.hpp: No such file or directory
conftest.cpp:29: error: 'boost' has not been declared
conftest.cpp:29: error: 'python' is not a namespace-name
conftest.cpp:29: error: expected namespace-name before ';' token
conftest.cpp:30: error: expected constructor, destructor, or type conversion before '(' token
configure:7437: $? = 1
configure: failed program was:
| /* confdefs.h.  */
| #define PACKAGE_NAME "MuOnlineServerFiles"
| #define PACKAGE_TARNAME "muonlineserverfiles"
| #define PACKAGE_VERSION "1.0"
| #define PACKAGE_STRING "MuOnlineServerFiles 1.0"
| #define PACKAGE_BUGREPORT "mikiones@gmail.com"
| #define PACKAGE "muonlineserverfiles"
| #define VERSION "1.0"
| #define STDC_HEADERS 1
| #define HAVE_SYS_TYPES_H 1
| #define HAVE_SYS_STAT_H 1
| #define HAVE_STDLIB_H 1
| #define HAVE_STRING_H 1
| #define HAVE_MEMORY_H 1
| #define HAVE_STRINGS_H 1
| #define HAVE_INTTYPES_H 1
| #define HAVE_STDINT_H 1
| #define HAVE_UNISTD_H 1
| #define HAVE_BOOST
| #define HAVE_BOOST_THREAD
| #define HAVE_BOOST_SIGNALS
| #define HAVE_BOOST_DATE_TIME
| #define HAVE_BOOST_REGEX
| #define HAVE_BOOST_SYSTEM
| #define HAVE_BOOST_ASIO
| /* end confdefs.h.  */
| 
|  #include <boost/python/module.hpp>
|  using namespace boost::python;
|  BOOST_PYTHON_MODULE(test) { throw "Boost::Python test."; }
| int
| main ()
| {
| return 0;
|   ;
|   return 0;
| }
configure:7460: result: no
configure:7581: checking for mysql_config
configure:7599: found /usr/bin/mysql_config
configure:7612: result: /usr/bin/mysql_config
configure:7623: checking for MySQL libraries
configure:7638: result: yes
configure:7694: checking for ANSI C header files
configure:7858: result: yes
configure:7868: checking for sys/wait.h that is POSIX.1 compatible
configure:7904: gcc -c -g -O2  conftest.c >&5
configure:7910: $? = 0
configure:7925: result: yes
configure:7955: checking arpa/inet.h usability
configure:7972: gcc -c -g -O2  conftest.c >&5
configure:7978: $? = 0
configure:7992: result: yes
configure:7996: checking arpa/inet.h presence
configure:8011: gcc -E  conftest.c
configure:8017: $? = 0
configure:8031: result: yes
configure:8064: checking for arpa/inet.h
configure:8072: result: yes
configure:7955: checking netinet/in.h usability
configure:7972: gcc -c -g -O2  conftest.c >&5
configure:7978: $? = 0
configure:7992: result: yes
configure:7996: checking netinet/in.h presence
configure:8011: gcc -E  conftest.c
configure:8017: $? = 0
configure:8031: result: yes
configure:8064: checking for netinet/in.h
configure:8072: result: yes
configure:7945: checking for stdlib.h
configure:7951: result: yes
configure:7945: checking for string.h
configure:7951: result: yes
configure:7955: checking sys/socket.h usability
configure:7972: gcc -c -g -O2  conftest.c >&5
configure:7978: $? = 0
configure:7992: result: yes
configure:7996: checking sys/socket.h presence
configure:8011: gcc -E  conftest.c
configure:8017: $? = 0
configure:8031: result: yes
configure:8064: checking for sys/socket.h
configure:8072: result: yes
configure:7945: checking for unistd.h
configure:7951: result: yes
configure:8095: checking winsock2.h usability
configure:8112: gcc -c -g -O2  conftest.c >&5
conftest.c:69:22: error: winsock2.h: No such file or directory
configure:8118: $? = 1
configure: failed program was:
| /* confdefs.h.  */
| #define PACKAGE_NAME "MuOnlineServerFiles"
| #define PACKAGE_TARNAME "muonlineserverfiles"
| #define PACKAGE_VERSION "1.0"
| #define PACKAGE_STRING "MuOnlineServerFiles 1.0"
| #define PACKAGE_BUGREPORT "mikiones@gmail.com"
| #define PACKAGE "muonlineserverfiles"
| #define VERSION "1.0"
| #define STDC_HEADERS 1
| #define HAVE_SYS_TYPES_H 1
| #define HAVE_SYS_STAT_H 1
| #define HAVE_STDLIB_H 1
| #define HAVE_STRING_H 1
| #define HAVE_MEMORY_H 1
| #define HAVE_STRINGS_H 1
| #define HAVE_INTTYPES_H 1
| #define HAVE_STDINT_H 1
| #define HAVE_UNISTD_H 1
| #define HAVE_BOOST
| #define HAVE_BOOST_THREAD
| #define HAVE_BOOST_SIGNALS
| #define HAVE_BOOST_DATE_TIME
| #define HAVE_BOOST_REGEX
| #define HAVE_BOOST_SYSTEM
| #define HAVE_BOOST_ASIO
| #define HAVE_MYSQL 1
| #define STDC_HEADERS 1
| #define HAVE_SYS_WAIT_H 1
| #define HAVE_ARPA_INET_H 1
| #define HAVE_NETINET_IN_H 1
| #define HAVE_STDLIB_H 1
| #define HAVE_STRING_H 1
| #define HAVE_SYS_SOCKET_H 1
| #define HAVE_UNISTD_H 1
| /* end confdefs.h.  */
| #include <stdio.h>
| #ifdef HAVE_SYS_TYPES_H
| # include <sys/types.h>
| #endif
| #ifdef HAVE_SYS_STAT_H
| # include <sys/stat.h>
| #endif
| #ifdef STDC_HEADERS
| # include <stdlib.h>
| # include <stddef.h>
| #else
| # ifdef HAVE_STDLIB_H
| #  include <stdlib.h>
| # endif
| #endif
| #ifdef HAVE_STRING_H
| # if !defined STDC_HEADERS && defined HAVE_MEMORY_H
| #  include <memory.h>
| # endif
| # include <string.h>
| #endif
| #ifdef HAVE_STRINGS_H
| # include <strings.h>
| #endif
| #ifdef HAVE_INTTYPES_H
| # include <inttypes.h>
| #endif
| #ifdef HAVE_STDINT_H
| # include <stdint.h>
| #endif
| #ifdef HAVE_UNISTD_H
| # include <unistd.h>
| #endif
| #include <winsock2.h>
configure:8132: result: no
configure:8136: checking winsock2.h presence
configure:8151: gcc -E  conftest.c
conftest.c:36:22: error: winsock2.h: No such file or directory
configure:8157: $? = 1
configure: failed program was:
| /* confdefs.h.  */
| #define PACKAGE_NAME "MuOnlineServerFiles"
| #define PACKAGE_TARNAME "muonlineserverfiles"
| #define PACKAGE_VERSION "1.0"
| #define PACKAGE_STRING "MuOnlineServerFiles 1.0"
| #define PACKAGE_BUGREPORT "mikiones@gmail.com"
| #define PACKAGE "muonlineserverfiles"
| #define VERSION "1.0"
| #define STDC_HEADERS 1
| #define HAVE_SYS_TYPES_H 1
| #define HAVE_SYS_STAT_H 1
| #define HAVE_STDLIB_H 1
| #define HAVE_STRING_H 1
| #define HAVE_MEMORY_H 1
| #define HAVE_STRINGS_H 1
| #define HAVE_INTTYPES_H 1
| #define HAVE_STDINT_H 1
| #define HAVE_UNISTD_H 1
| #define HAVE_BOOST
| #define HAVE_BOOST_THREAD
| #define HAVE_BOOST_SIGNALS
| #define HAVE_BOOST_DATE_TIME
| #define HAVE_BOOST_REGEX
| #define HAVE_BOOST_SYSTEM
| #define HAVE_BOOST_ASIO
| #define HAVE_MYSQL 1
| #define STDC_HEADERS 1
| #define HAVE_SYS_WAIT_H 1
| #define HAVE_ARPA_INET_H 1
| #define HAVE_NETINET_IN_H 1
| #define HAVE_STDLIB_H 1
| #define HAVE_STRING_H 1
| #define HAVE_SYS_SOCKET_H 1
| #define HAVE_UNISTD_H 1
| /* end confdefs.h.  */
| #include <winsock2.h>
configure:8171: result: no
configure:8204: checking for winsock2.h
configure:8211: result: no
configure:8227: checking mysql.h usability
configure:8244: gcc -c -g -O2  conftest.c >&5
conftest.c:69:19: error: mysql.h: No such file or directory
configure:8250: $? = 1
configure: failed program was:
| /* confdefs.h.  */
| #define PACKAGE_NAME "MuOnlineServerFiles"
| #define PACKAGE_TARNAME "muonlineserverfiles"
| #define PACKAGE_VERSION "1.0"
| #define PACKAGE_STRING "MuOnlineServerFiles 1.0"
| #define PACKAGE_BUGREPORT "mikiones@gmail.com"
| #define PACKAGE "muonlineserverfiles"
| #define VERSION "1.0"
| #define STDC_HEADERS 1
| #define HAVE_SYS_TYPES_H 1
| #define HAVE_SYS_STAT_H 1
| #define HAVE_STDLIB_H 1
| #define HAVE_STRING_H 1
| #define HAVE_MEMORY_H 1
| #define HAVE_STRINGS_H 1
| #define HAVE_INTTYPES_H 1
| #define HAVE_STDINT_H 1
| #define HAVE_UNISTD_H 1
| #define HAVE_BOOST
| #define HAVE_BOOST_THREAD
| #define HAVE_BOOST_SIGNALS
| #define HAVE_BOOST_DATE_TIME
| #define HAVE_BOOST_REGEX
| #define HAVE_BOOST_SYSTEM
| #define HAVE_BOOST_ASIO
| #define HAVE_MYSQL 1
| #define STDC_HEADERS 1
| #define HAVE_SYS_WAIT_H 1
| #define HAVE_ARPA_INET_H 1
| #define HAVE_NETINET_IN_H 1
| #define HAVE_STDLIB_H 1
| #define HAVE_STRING_H 1
| #define HAVE_SYS_SOCKET_H 1
| #define HAVE_UNISTD_H 1
| /* end confdefs.h.  */
| #include <stdio.h>
| #ifdef HAVE_SYS_TYPES_H
| # include <sys/types.h>
| #endif
| #ifdef HAVE_SYS_STAT_H
| # include <sys/stat.h>
| #endif
| #ifdef STDC_HEADERS
| # include <stdlib.h>
| # include <stddef.h>
| #else
| # ifdef HAVE_STDLIB_H
| #  include <stdlib.h>
| # endif
| #endif
| #ifdef HAVE_STRING_H
| # if !defined STDC_HEADERS && defined HAVE_MEMORY_H
| #  include <memory.h>
| # endif
| # include <string.h>
| #endif
| #ifdef HAVE_STRINGS_H
| # include <strings.h>
| #endif
| #ifdef HAVE_INTTYPES_H
| # include <inttypes.h>
| #endif
| #ifdef HAVE_STDINT_H
| # include <stdint.h>
| #endif
| #ifdef HAVE_UNISTD_H
| # include <unistd.h>
| #endif
| #include <mysql.h>
configure:8264: result: no
configure:8268: checking mysql.h presence
configure:8283: gcc -E  conftest.c
conftest.c:36:19: error: mysql.h: No such file or directory
configure:8289: $? = 1
configure: failed program was:
| /* confdefs.h.  */
| #define PACKAGE_NAME "MuOnlineServerFiles"
| #define PACKAGE_TARNAME "muonlineserverfiles"
| #define PACKAGE_VERSION "1.0"
| #define PACKAGE_STRING "MuOnlineServerFiles 1.0"
| #define PACKAGE_BUGREPORT "mikiones@gmail.com"
| #define PACKAGE "muonlineserverfiles"
| #define VERSION "1.0"
| #define STDC_HEADERS 1
| #define HAVE_SYS_TYPES_H 1
| #define HAVE_SYS_STAT_H 1
| #define HAVE_STDLIB_H 1
| #define HAVE_STRING_H 1
| #define HAVE_MEMORY_H 1
| #define HAVE_STRINGS_H 1
| #define HAVE_INTTYPES_H 1
| #define HAVE_STDINT_H 1
| #define HAVE_UNISTD_H 1
| #define HAVE_BOOST
| #define HAVE_BOOST_THREAD
| #define HAVE_BOOST_SIGNALS
| #define HAVE_BOOST_DATE_TIME
| #define HAVE_BOOST_REGEX
| #define HAVE_BOOST_SYSTEM
| #define HAVE_BOOST_ASIO
| #define HAVE_MYSQL 1
| #define STDC_HEADERS 1
| #define HAVE_SYS_WAIT_H 1
| #define HAVE_ARPA_INET_H 1
| #define HAVE_NETINET_IN_H 1
| #define HAVE_STDLIB_H 1
| #define HAVE_STRING_H 1
| #define HAVE_SYS_SOCKET_H 1
| #define HAVE_UNISTD_H 1
| /* end confdefs.h.  */
| #include <mysql.h>
configure:8303: result: no
configure:8336: checking for mysql.h
configure:8343: result: no
configure:8351: checking for an ANSI C-conforming const
configure:8426: gcc -c -g -O2  conftest.c >&5
configure:8432: $? = 0
configure:8447: result: yes
configure:8457: checking for inline
configure:8483: gcc -c -g -O2  conftest.c >&5
configure:8489: $? = 0
configure:8507: result: inline
configure:8535: checking for gethostbyname
configure:8591: gcc -o conftest -g -O2   conftest.c  >&5
configure:8597: $? = 0
configure:8615: result: yes
configure:8535: checking for inet_ntoa
configure:8591: gcc -o conftest -g -O2   conftest.c  >&5
configure:8597: $? = 0
configure:8615: result: yes
configure:8535: checking for memset
configure:8591: gcc -o conftest -g -O2   conftest.c  >&5
conftest.c:61: warning: conflicting types for built-in function 'memset'
configure:8597: $? = 0
configure:8615: result: yes
configure:8535: checking for socket
configure:8591: gcc -o conftest -g -O2   conftest.c  >&5
configure:8597: $? = 0
configure:8615: result: yes
configure:8748: creating ./config.status

## ---------------------- ##
## Running config.status. ##
## ---------------------- ##

This file was extended by MuOnlineServerFiles config.status 1.0, which was
generated by GNU Autoconf 2.61.  Invocation command line was

  CONFIG_FILES    = 
  CONFIG_HEADERS  = 
  CONFIG_LINKS    = 
  CONFIG_COMMANDS = 
  $ ./config.status 

on server

config.status:694: creating makefile
config.status:694: creating LibSrc/makefile
config.status:694: creating LibSrc/DB/makefile
config.status:694: creating LibSrc/MuObiects/makefile
config.status:694: creating LibSrc/Protocol/makefile
config.status:694: creating LibSrc/ConfFile/makefile
config.status:694: creating LibSrc/Encryption/makefile
config.status:694: creating LibSrc/GSPyScripts/makefile
config.status:694: creating LibSrc/HexBuffer/makefile
config.status:694: creating LibSrc/Server/makefile
config.status:694: creating LibSrc/Socket/makefile
config.status:694: creating LibSrc/Task/makefile
config.status:694: creating Src/makefile
config.status:694: creating Src/GSEmu/makefile
config.status:694: creating Src/MuBoot/makefile
config.status:694: creating config.h
config.status:940: config.h is unchanged
config.status:986: executing depfiles commands

## ---------------- ##
## Cache variables. ##
## ---------------- ##

ac_cv_boost_python=no
ac_cv_build=i686-pc-linux-gnu
ac_cv_c_compiler_gnu=yes
ac_cv_c_const=yes
ac_cv_c_inline=inline
ac_cv_cxx_compiler_gnu=yes
ac_cv_env_CCC_set=
ac_cv_env_CCC_value=
ac_cv_env_CC_set=
ac_cv_env_CC_value=
ac_cv_env_CFLAGS_set=
ac_cv_env_CFLAGS_value=
ac_cv_env_CPPFLAGS_set=
ac_cv_env_CPPFLAGS_value=
ac_cv_env_CPP_set=
ac_cv_env_CPP_value=
ac_cv_env_CXXFLAGS_set=
ac_cv_env_CXXFLAGS_value=
ac_cv_env_CXX_set=
ac_cv_env_CXX_value=
ac_cv_env_LDFLAGS_set=
ac_cv_env_LDFLAGS_value=
ac_cv_env_LIBS_set=
ac_cv_env_LIBS_value=
ac_cv_env_build_alias_set=
ac_cv_env_build_alias_value=
ac_cv_env_host_alias_set=
ac_cv_env_host_alias_value=
ac_cv_env_target_alias_set=
ac_cv_env_target_alias_value=
ac_cv_func_gethostbyname=yes
ac_cv_func_inet_ntoa=yes
ac_cv_func_memset=yes
ac_cv_func_socket=yes
ac_cv_header_arpa_inet_h=yes
ac_cv_header_inttypes_h=yes
ac_cv_header_memory_h=yes
ac_cv_header_mysql_h=no
ac_cv_header_netinet_in_h=yes
ac_cv_header_python2_5_Python_h=yes
ac_cv_header_stdc=yes
ac_cv_header_stdint_h=yes
ac_cv_header_stdlib_h=yes
ac_cv_header_string_h=yes
ac_cv_header_strings_h=yes
ac_cv_header_sys_socket_h=yes
ac_cv_header_sys_stat_h=yes
ac_cv_header_sys_types_h=yes
ac_cv_header_sys_wait_h=yes
ac_cv_header_unistd_h=yes
ac_cv_header_winsock2_h=no
ac_cv_host=i686-pc-linux-gnu
ac_cv_lib_boost_date_time___exit=yes
ac_cv_lib_boost_regex___exit=yes
ac_cv_lib_boost_signals___exit=yes
ac_cv_lib_boost_system___exit=yes
ac_cv_lib_boost_system___main=yes
ac_cv_lib_boost_thread___exit=yes
ac_cv_lib_python2_5___main=yes
ac_cv_objext=o
ac_cv_path_EGREP='/bin/grep -E'
ac_cv_path_GREP=/bin/grep
ac_cv_path_MYSQL_CONFIG=/usr/bin/mysql_config
ac_cv_path_install='/usr/bin/install -c'
ac_cv_path_mkdir=/bin/mkdir
ac_cv_prog_AWK=mawk
ac_cv_prog_CPP='gcc -E'
ac_cv_prog_PYTHON_BIN=python2.5
ac_cv_prog_ac_ct_CC=gcc
ac_cv_prog_ac_ct_CXX=g++
ac_cv_prog_ac_ct_RANLIB=ranlib
ac_cv_prog_cc_c89=
ac_cv_prog_cc_g=yes
ac_cv_prog_cxx_g=yes
ac_cv_prog_make_make_set=yes
ac_cv_target=i686-pc-linux-gnu
am_cv_CC_dependencies_compiler_type=gcc3
am_cv_CXX_dependencies_compiler_type=gcc3
ax_cv_boost_asio=yes
ax_cv_boost_date_time=yes
ax_cv_boost_filesystem=no
ax_cv_boost_iostreams=no
ax_cv_boost_program_options=no
ax_cv_boost_regex=yes
ax_cv_boost_serialization=no
ax_cv_boost_signals=yes
ax_cv_boost_system=yes
ax_cv_boost_thread=yes
ax_cv_boost_unit_test_framework=no

## ----------------- ##
## Output variables. ##
## ----------------- ##

ACLOCAL='${SHELL} /home/mikione/lastones/MyMu/missing --run aclocal-1.10'
AMDEPBACKSLASH='\'
AMDEP_FALSE='#'
AMDEP_TRUE=''
AMTAR='${SHELL} /home/mikione/lastones/MyMu/missing --run tar'
AUTOCONF='${SHELL} /home/mikione/lastones/MyMu/missing --run autoconf'
AUTOHEADER='${SHELL} /home/mikione/lastones/MyMu/missing --run autoheader'
AUTOMAKE='${SHELL} /home/mikione/lastones/MyMu/missing --run automake-1.10'
AWK='mawk'
BOOST_ASIO_LIB='-lboost_system'
BOOST_CPPFLAGS='-pthread -I/usr/include'
BOOST_DATE_TIME_LIB='-lboost_date_time'
BOOST_FILESYSTEM_LIB=''
BOOST_IOSTREAMS_LIB=''
BOOST_LDFLAGS='-L/usr/lib'
BOOST_PROGRAM_OPTIONS_LIB=''
BOOST_PYTHON_LIB=''
BOOST_REGEX_LIB='-lboost_regex'
BOOST_SERIALIZATION_LIB=''
BOOST_SIGNALS_LIB='-lboost_signals'
BOOST_SYSTEM_LIB='-lboost_system'
BOOST_THREAD_LIB='-lboost_thread'
BOOST_UNIT_TEST_FRAMEWORK_LIB=''
BOOST_WSERIALIZATION_LIB=''
CC='gcc'
CCDEPMODE='depmode=gcc3'
CFLAGS='-g -O2'
CPP='gcc -E'
CPPFLAGS=''
CXX='g++'
CXXDEPMODE='depmode=gcc3'
CXXFLAGS='-g -O2'
CYGPATH_W='echo'
DEFS='-DHAVE_CONFIG_H'
DEPDIR='.deps'
ECHO_C=''
ECHO_N='-n'
ECHO_T=''
EGREP='/bin/grep -E'
EXEEXT=''
GREP='/bin/grep'
INSTALL_DATA='${INSTALL} -m 644'
INSTALL_PROGRAM='${INSTALL}'
INSTALL_SCRIPT='${INSTALL}'
INSTALL_STRIP_PROGRAM='$(install_sh) -c -s'
LDFLAGS=''
LIBOBJS=''
LIBS=''
LTLIBOBJS=''
MAKEINFO='${SHELL} /home/mikione/lastones/MyMu/missing --run makeinfo'
MYSQL_CFLAGS='-I/usr/include/mysql -DBIG_JOINS=1'
MYSQL_CONFIG='/usr/bin/mysql_config'
MYSQL_INCLUDE='-I/usr/include/mysql'
MYSQL_LDFLAGS='-L/usr/lib/mysql -lmysqlclient'
MYSQL_VERSION='5.0.32'
OBJEXT='o'
PACKAGE='muonlineserverfiles'
PACKAGE_BUGREPORT='mikiones@gmail.com'
PACKAGE_NAME='MuOnlineServerFiles'
PACKAGE_STRING='MuOnlineServerFiles 1.0'
PACKAGE_TARNAME='muonlineserverfiles'
PACKAGE_VERSION='1.0'
PATH_SEPARATOR=':'
PYTHON_BIN='python2.5'
PYTHON_INCLUDE_DIR='/usr/include/python2.5'
PYTHON_LIB='python2.5'
RANLIB='ranlib'
SET_MAKE=''
SHELL='/bin/sh'
STRIP=''
VERSION='1.0'
ac_ct_CC='gcc'
ac_ct_CXX='g++'
am__fastdepCC_FALSE='#'
am__fastdepCC_TRUE=''
am__fastdepCXX_FALSE='#'
am__fastdepCXX_TRUE=''
am__include='include'
am__isrc=''
am__leading_dot='.'
am__quote=''
am__tar='${AMTAR} chof - "$$tardir"'
am__untar='${AMTAR} xf -'
bindir='${exec_prefix}/bin'
build='i686-pc-linux-gnu'
build_alias=''
build_cpu='i686'
build_os='linux-gnu'
build_vendor='pc'
datadir='${datarootdir}'
datarootdir='${prefix}/share'
docdir='${datarootdir}/doc/${PACKAGE_TARNAME}'
dvidir='${docdir}'
exec_prefix='${prefix}'
host='i686-pc-linux-gnu'
host_alias=''
host_cpu='i686'
host_os='linux-gnu'
host_vendor='pc'
htmldir='${docdir}'
includedir='${prefix}/include'
infodir='${datarootdir}/info'
install_sh='$(SHELL) /home/mikione/lastones/MyMu/install-sh'
libdir='${exec_prefix}/lib'
libexecdir='${exec_prefix}/libexec'
localedir='${datarootdir}/locale'
localstatedir='${prefix}/var'
mandir='${datarootdir}/man'
mkdir_p='/bin/mkdir -p'
oldincludedir='/usr/include'
pdfdir='${docdir}'
prefix='/usr/local'
program_transform_name='s,x,x,'
psdir='${docdir}'
sbindir='${exec_prefix}/sbin'
sharedstatedir='${prefix}/com'
sysconfdir='${prefix}/etc'
target='i686-pc-linux-gnu'
target_alias=''
target_cpu='i686'
target_os='linux-gnu'
target_vendor='pc'

## ----------- ##
## confdefs.h. ##
## ----------- ##

#define PACKAGE_NAME "MuOnlineServerFiles"
#define PACKAGE_TARNAME "muonlineserverfiles"
#define PACKAGE_VERSION "1.0"
#define PACKAGE_STRING "MuOnlineServerFiles 1.0"
#define PACKAGE_BUGREPORT "mikiones@gmail.com"
#define PACKAGE "muonlineserverfiles"
#define VERSION "1.0"
#define STDC_HEADERS 1
#define HAVE_SYS_TYPES_H 1
#define HAVE_SYS_STAT_H 1
#define HAVE_STDLIB_H 1
#define HAVE_STRING_H 1
#define HAVE_MEMORY_H 1
#define HAVE_STRINGS_H 1
#define HAVE_INTTYPES_H 1
#define HAVE_STDINT_H 1
#define HAVE_UNISTD_H 1
#define HAVE_BOOST
#define HAVE_BOOST_THREAD
#define HAVE_BOOST_SIGNALS
#define HAVE_BOOST_DATE_TIME
#define HAVE_BOOST_REGEX
#define HAVE_BOOST_SYSTEM
#define HAVE_BOOST_ASIO
#define HAVE_MYSQL 1
#define STDC_HEADERS 1
#define HAVE_SYS_WAIT_H 1
#define HAVE_ARPA_INET_H 1
#define HAVE_NETINET_IN_H 1
#define HAVE_STDLIB_H 1
#define HAVE_STRING_H 1
#define HAVE_SYS_SOCKET_H 1
#define HAVE_UNISTD_H 1
#define HAVE_GETHOSTBYNAME 1
#define HAVE_INET_NTOA 1
#define HAVE_MEMSET 1
#define HAVE_SOCKET 1

configure: exit 0

## ---------------------- ##
## Running config.status. ##
## ---------------------- ##

This file was extended by MuOnlineServerFiles config.status 1.0, which was
generated by GNU Autoconf 2.61.  Invocation command line was

  CONFIG_FILES    = 
  CONFIG_HEADERS  = 
  CONFIG_LINKS    = 
  CONFIG_COMMANDS = 
  $ ./config.status LibSrc/Server/makefile depfiles

on server

config.status:694: creating LibSrc/Server/makefile
config.status:986: executing depfiles commands

## ---------------------- ##
## Running config.status. ##
## ---------------------- ##

This file was extended by MuOnlineServerFiles config.status 1.0, which was
generated by GNU Autoconf 2.61.  Invocation command line was

  CONFIG_FILES    = 
  CONFIG_HEADERS  = 
  CONFIG_LINKS    = 
  CONFIG_COMMANDS = 
  $ ./config.status LibSrc/DB/makefile depfiles

on server

config.status:694: creating LibSrc/DB/makefile
config.status:986: executing depfiles commands

## ---------------------- ##
## Running config.status. ##
## ---------------------- ##

This file was extended by MuOnlineServerFiles config.status 1.0, which was
generated by GNU Autoconf 2.61.  Invocation command line was

  CONFIG_FILES    = 
  CONFIG_HEADERS  = 
  CONFIG_LINKS    = 
  CONFIG_COMMANDS = 
  $ ./config.status LibSrc/MuObiects/makefile depfiles

on server

config.status:694: creating LibSrc/MuObiects/makefile
config.status:986: executing depfiles commands

## ---------------------- ##
## Running config.status. ##
## ---------------------- ##

This file was extended by MuOnlineServerFiles config.status 1.0, which was
generated by GNU Autoconf 2.61.  Invocation command line was

  CONFIG_FILES    = 
  CONFIG_HEADERS  = 
  CONFIG_LINKS    = 
  CONFIG_COMMANDS = 
  $ ./config.status LibSrc/Protocol/makefile depfiles

on server

config.status:694: creating LibSrc/Protocol/makefile
config.status:986: executing depfiles commands
